ERROR: 2025/06/04 16:12:30 logger.go:23: Unauthorized: Missing token: <nil>
ERROR: 2025/06/04 16:16:16 logger.go:23: Error reading message: websocket: close 1001 (going away)
ERROR: 2025/06/04 16:16:16 logger.go:23: Error sending online/offline users list: websocket: close sent
ERROR: 2025/06/04 16:16:16 logger.go:23: Error sending online/offline users list: websocket: close sent
ERROR: 2025/06/04 16:16:16 logger.go:23: Error sending online/offline users list: websocket: close sent
ERROR: 2025/06/04 16:16:16 logger.go:23: Error sending online/offline users list: websocket: close sent
ERROR: 2025/06/04 16:16:16 logger.go:23: Error sending online/offline users list: websocket: close sent
ERROR: 2025/06/04 16:16:16 logger.go:23: Error reading message: websocket: close 1001 (going away)
ERROR: 2025/06/04 16:16:16 logger.go:23: Error reading message: websocket: close 1001 (going away)
ERROR: 2025/06/04 16:16:16 logger.go:23: Error reading message: websocket: close 1001 (going away)
ERROR: 2025/06/04 16:16:16 logger.go:23: Error reading message: websocket: close 1001 (going away)
ERROR: 2025/06/04 16:16:16 logger.go:23: Error reading message: websocket: close 1001 (going away)
ERROR: 2025/06/04 16:16:16 logger.go:23: Error reading message: websocket: close 1001 (going away)
ERROR: 2025/06/04 16:16:16 logger.go:23: Error reading message: websocket: close 1001 (going away)
ERROR: 2025/06/04 16:16:16 logger.go:23: Error reading message: websocket: close 1001 (going away)
ERROR: 2025/06/04 16:16:16 logger.go:23: Error reading message: websocket: close 1001 (going away)
ERROR: 2025/06/04 16:16:16 logger.go:23: Error reading message: websocket: close 1001 (going away)
ERROR: 2025/06/04 16:16:16 logger.go:23: Error reading message: websocket: close 1001 (going away)
ERROR: 2025/06/04 16:16:16 logger.go:23: Error reading message: websocket: close 1001 (going away)
ERROR: 2025/06/04 16:16:16 logger.go:23: Error reading message: websocket: close 1001 (going away)
ERROR: 2025/06/04 16:16:16 logger.go:23: Error reading message: websocket: close 1001 (going away)
ERROR: 2025/06/04 16:16:16 logger.go:23: Error sending online/offline users list: websocket: close sent
ERROR: 2025/06/04 16:16:16 logger.go:23: Error sending online/offline users list: websocket: close sent
ERROR: 2025/06/04 16:16:16 logger.go:23: Error sending online/offline users list: websocket: close sent
ERROR: 2025/06/04 16:16:16 logger.go:23: Error sending online/offline users list: websocket: close sent
ERROR: 2025/06/04 16:16:16 logger.go:23: Error sending online/offline users list: write tcp [::1]:8080->[::1]:56721: write: broken pipe
ERROR: 2025/06/04 16:16:16 logger.go:23: Error sending online/offline users list: write tcp [::1]:8080->[::1]:56743: write: broken pipe
ERROR: 2025/06/04 16:16:16 logger.go:23: Error sending online/offline users list: write tcp [::1]:8080->[::1]:56745: write: broken pipe
ERROR: 2025/06/04 16:16:16 logger.go:23: Error sending online/offline users list: write tcp [::1]:8080->[::1]:56762: write: broken pipe
ERROR: 2025/06/04 16:16:16 logger.go:23: Error sending online/offline users list: write tcp [::1]:8080->[::1]:56775: write: broken pipe
ERROR: 2025/06/04 16:16:16 logger.go:23: Error sending online/offline users list: write tcp [::1]:8080->[::1]:56777: write: broken pipe
ERROR: 2025/06/04 16:16:16 logger.go:23: Error sending online/offline users list: write tcp [::1]:8080->[::1]:56798: write: broken pipe
ERROR: 2025/06/04 16:16:16 logger.go:23: Error sending online/offline users list: write tcp [::1]:8080->[::1]:56809: write: broken pipe
ERROR: 2025/06/04 16:16:16 logger.go:23: Error sending online/offline users list: write tcp [::1]:8080->[::1]:56822: write: broken pipe
ERROR: 2025/06/04 16:16:16 logger.go:23: Error sending online/offline users list: websocket: close sent
ERROR: 2025/06/04 16:16:16 logger.go:23: Error sending online/offline users list: websocket: close sent
ERROR: 2025/06/04 16:16:16 logger.go:23: Error sending online/offline users list: websocket: close sent
ERROR: 2025/06/04 16:16:16 logger.go:23: Error sending online/offline users list: websocket: close sent
ERROR: 2025/06/04 16:16:16 logger.go:23: Error sending online/offline users list: write tcp [::1]:8080->[::1]:56721: write: broken pipe
ERROR: 2025/06/04 16:16:16 logger.go:23: Error sending online/offline users list: write tcp [::1]:8080->[::1]:56743: write: broken pipe
ERROR: 2025/06/04 16:16:16 logger.go:23: Error sending online/offline users list: write tcp [::1]:8080->[::1]:56745: write: broken pipe
ERROR: 2025/06/04 16:16:16 logger.go:23: Error sending online/offline users list: write tcp [::1]:8080->[::1]:56762: write: broken pipe
ERROR: 2025/06/04 16:16:16 logger.go:23: Error sending online/offline users list: write tcp [::1]:8080->[::1]:56775: write: broken pipe
ERROR: 2025/06/04 16:16:16 logger.go:23: Error sending online/offline users list: write tcp [::1]:8080->[::1]:56777: write: broken pipe
ERROR: 2025/06/04 16:16:16 logger.go:23: Error sending online/offline users list: write tcp [::1]:8080->[::1]:56798: write: broken pipe
ERROR: 2025/06/04 16:16:16 logger.go:23: Error sending online/offline users list: write tcp [::1]:8080->[::1]:56809: write: broken pipe
ERROR: 2025/06/04 16:23:09 logger.go:23: Error reading message: websocket: close 1001 (going away)
ERROR: 2025/06/04 16:23:09 logger.go:23: Error reading message: websocket: close 1001 (going away)
ERROR: 2025/06/04 16:23:09 logger.go:23: Error reading message: websocket: close 1001 (going away)
ERROR: 2025/06/04 16:23:09 logger.go:23: Error reading message: websocket: close 1001 (going away)
ERROR: 2025/06/04 16:23:09 logger.go:23: Error sending online/offline users list: websocket: close sent
ERROR: 2025/06/04 16:23:09 logger.go:23: Error sending online/offline users list: websocket: close sent
ERROR: 2025/06/04 16:23:09 logger.go:23: Error sending online/offline users list: websocket: close sent
ERROR: 2025/06/04 16:23:09 logger.go:23: Error sending online/offline users list: websocket: close sent
ERROR: 2025/06/04 16:23:09 logger.go:23: Error sending online/offline users list: websocket: close sent
ERROR: 2025/06/04 16:23:09 logger.go:23: Error sending online/offline users list: websocket: close sent
ERROR: 2025/06/04 16:35:15 logger.go:23: Error reading message: websocket: close 1001 (going away)
ERROR: 2025/06/04 16:35:15 logger.go:23: Error reading message: websocket: close 1001 (going away)
ERROR: 2025/06/04 16:35:15 logger.go:23: Error reading message: websocket: close 1001 (going away)
ERROR: 2025/06/04 16:35:15 logger.go:23: Error sending online/offline users list: websocket: close sent
ERROR: 2025/06/04 16:35:15 logger.go:23: Error sending online/offline users list: websocket: close sent
ERROR: 2025/06/04 16:35:15 logger.go:23: Error sending online/offline users list: websocket: close sent
ERROR: 2025/06/04 16:40:45 logger.go:23: Error reading message: websocket: close 1001 (going away)
ERROR: 2025/06/04 16:40:45 logger.go:23: Error reading message: websocket: close 1001 (going away)
ERROR: 2025/06/04 16:40:45 logger.go:23: Error reading message: websocket: close 1001 (going away)
ERROR: 2025/06/04 16:40:45 logger.go:23: Error sending online/offline users list: websocket: close sent
ERROR: 2025/06/04 16:40:45 logger.go:23: Error sending online/offline users list: websocket: close sent
ERROR: 2025/06/04 16:40:45 logger.go:23: Error reading message: websocket: close 1001 (going away)
ERROR: 2025/06/04 16:40:45 logger.go:23: Error reading message: websocket: close 1001 (going away)
ERROR: 2025/06/04 16:40:45 logger.go:23: Error sending online/offline users list: websocket: close sent
ERROR: 2025/06/04 16:40:45 logger.go:23: Error reading message: websocket: close 1001 (going away)
ERROR: 2025/06/04 16:40:45 logger.go:23: Error sending online/offline users list: websocket: close sent
ERROR: 2025/06/04 16:40:45 logger.go:23: Error reading message: websocket: close 1001 (going away)
ERROR: 2025/06/04 16:40:45 logger.go:23: Error reading message: websocket: close 1001 (going away)
ERROR: 2025/06/04 16:40:45 logger.go:23: Error sending online/offline users list: write tcp [::1]:8080->[::1]:62619: write: broken pipe
ERROR: 2025/06/04 16:40:45 logger.go:23: Error sending online/offline users list: write tcp [::1]:8080->[::1]:63266: write: broken pipe
ERROR: 2025/06/04 16:40:45 logger.go:23: Error sending online/offline users list: websocket: close sent
ERROR: 2025/06/04 16:40:45 logger.go:23: Error sending online/offline users list: write tcp [::1]:8080->[::1]:62619: write: broken pipe
ERROR: 2025/06/04 16:40:45 logger.go:23: Error sending online/offline users list: write tcp [::1]:8080->[::1]:63266: write: broken pipe
ERROR: 2025/06/04 16:40:45 logger.go:23: Error sending online/offline users list: write tcp [::1]:8080->[::1]:63266: write: broken pipe
ERROR: 2025/06/04 16:51:20 logger.go:23: Error reading message: websocket: close 1001 (going away)
ERROR: 2025/06/04 16:51:20 logger.go:23: Error reading message: websocket: close 1001 (going away)
ERROR: 2025/06/04 16:51:20 logger.go:23: Error reading message: websocket: close 1001 (going away)
ERROR: 2025/06/04 16:51:20 logger.go:23: Error reading message: websocket: close 1001 (going away)
ERROR: 2025/06/04 16:51:20 logger.go:23: Error sending online/offline users list: websocket: close sent
ERROR: 2025/06/04 16:51:20 logger.go:23: Error sending online/offline users list: websocket: close sent
ERROR: 2025/06/04 16:51:20 logger.go:23: Error sending online/offline users list: websocket: close sent
ERROR: 2025/06/04 16:51:25 logger.go:23: Error reading message: websocket: close 1001 (going away)
ERROR: 2025/06/04 16:58:23 logger.go:23: Error reading message: websocket: close 1001 (going away)
ERROR: 2025/06/04 16:58:23 logger.go:23: Error reading message: websocket: close 1001 (going away)
ERROR: 2025/06/04 16:58:23 logger.go:23: Error reading message: websocket: close 1001 (going away)
ERROR: 2025/06/04 16:58:23 logger.go:23: Error reading message: websocket: close 1001 (going away)
ERROR: 2025/06/04 16:58:23 logger.go:23: Error reading message: websocket: close 1001 (going away)
ERROR: 2025/06/04 16:58:23 logger.go:23: Error reading message: websocket: close 1001 (going away)
ERROR: 2025/06/04 16:58:23 logger.go:23: Error reading message: websocket: close 1001 (going away)
ERROR: 2025/06/04 16:58:23 logger.go:23: Error reading message: websocket: close 1001 (going away)
ERROR: 2025/06/04 16:58:23 logger.go:23: Error reading message: websocket: close 1001 (going away)
ERROR: 2025/06/04 16:58:23 logger.go:23: Error reading message: websocket: close 1001 (going away)
ERROR: 2025/06/04 16:58:23 logger.go:23: Error reading message: websocket: close 1001 (going away)
ERROR: 2025/06/04 16:58:23 logger.go:23: Error reading message: websocket: close 1001 (going away)
ERROR: 2025/06/04 16:58:23 logger.go:23: Error reading message: websocket: close 1001 (going away)
ERROR: 2025/06/04 16:58:23 logger.go:23: Error reading message: websocket: close 1001 (going away)
ERROR: 2025/06/04 16:58:23 logger.go:23: Error reading message: websocket: close 1001 (going away)
ERROR: 2025/06/04 16:58:23 logger.go:23: Error sending online/offline users list: websocket: close sent
ERROR: 2025/06/04 16:58:23 logger.go:23: Error sending online/offline users list: websocket: close sent
ERROR: 2025/06/04 16:58:23 logger.go:23: Error sending online/offline users list: websocket: close sent
ERROR: 2025/06/04 16:58:23 logger.go:23: Error sending online/offline users list: websocket: close sent
ERROR: 2025/06/04 16:58:23 logger.go:23: Error sending online/offline users list: websocket: close sent
ERROR: 2025/06/04 16:58:23 logger.go:23: Error sending online/offline users list: websocket: close sent
ERROR: 2025/06/04 16:58:23 logger.go:23: Error sending online/offline users list: websocket: close sent
ERROR: 2025/06/04 16:58:23 logger.go:23: Error sending online/offline users list: websocket: close sent
ERROR: 2025/06/04 16:58:23 logger.go:23: Error sending online/offline users list: websocket: close sent
ERROR: 2025/06/04 16:58:23 logger.go:23: Error sending online/offline users list: websocket: close sent
ERROR: 2025/06/04 16:58:23 logger.go:23: Error sending online/offline users list: websocket: close sent
ERROR: 2025/06/04 16:58:23 logger.go:23: Error sending online/offline users list: websocket: close sent
ERROR: 2025/06/04 16:58:23 logger.go:23: Error sending online/offline users list: websocket: close sent
ERROR: 2025/06/04 16:58:23 logger.go:23: Error sending online/offline users list: websocket: close sent
ERROR: 2025/06/04 16:58:23 logger.go:23: Error sending online/offline users list: websocket: close sent
ERROR: 2025/06/04 16:58:23 logger.go:23: Error sending online/offline users list: websocket: close sent
ERROR: 2025/06/04 16:58:23 logger.go:23: Error sending online/offline users list: websocket: close sent
ERROR: 2025/06/04 16:58:23 logger.go:23: Error sending online/offline users list: websocket: close sent
ERROR: 2025/06/04 16:58:23 logger.go:23: Error sending online/offline users list: websocket: close sent
ERROR: 2025/06/04 16:58:23 logger.go:23: Error sending online/offline users list: websocket: close sent
ERROR: 2025/06/04 16:58:23 logger.go:23: Error sending online/offline users list: websocket: close sent
ERROR: 2025/06/04 16:58:23 logger.go:23: Error sending online/offline users list: websocket: close sent
ERROR: 2025/06/04 16:58:23 logger.go:23: Error sending online/offline users list: websocket: close sent
ERROR: 2025/06/04 16:58:23 logger.go:23: Error sending online/offline users list: websocket: close sent
ERROR: 2025/06/04 16:58:23 logger.go:23: Error sending online/offline users list: websocket: close sent
ERROR: 2025/06/04 16:58:23 logger.go:23: Error sending online/offline users list: websocket: close sent
ERROR: 2025/06/04 16:58:23 logger.go:23: Error reading message: websocket: close 1001 (going away)
ERROR: 2025/06/04 16:58:23 logger.go:23: Error reading message: websocket: close 1001 (going away)
ERROR: 2025/06/04 16:58:23 logger.go:23: Error reading message: websocket: close 1001 (going away)
ERROR: 2025/06/04 16:59:12 logger.go:23: Error reading message: websocket: close 1001 (going away)
ERROR: 2025/06/04 16:59:12 logger.go:23: Error sending online/offline users list: websocket: close sent
ERROR: 2025/06/04 16:59:12 logger.go:23: Error reading message: websocket: close 1001 (going away)
ERROR: 2025/06/04 16:59:12 logger.go:23: Error reading message: websocket: close 1001 (going away)
ERROR: 2025/06/04 16:59:12 logger.go:23: Error sending online/offline users list: websocket: close sent
ERROR: 2025/06/04 16:59:12 logger.go:23: Error sending online/offline users list: websocket: close sent
ERROR: 2025/06/04 17:01:59 logger.go:23: Error reading message: websocket: close 1001 (going away)
ERROR: 2025/06/04 17:01:59 logger.go:23: Error reading message: websocket: close 1001 (going away)
ERROR: 2025/06/04 17:01:59 logger.go:23: Error reading message: websocket: close 1001 (going away)
ERROR: 2025/06/04 17:01:59 logger.go:23: Error reading message: websocket: close 1001 (going away)
ERROR: 2025/06/04 17:01:59 logger.go:23: Error reading message: websocket: close 1001 (going away)
ERROR: 2025/06/04 17:01:59 logger.go:23: Error reading message: websocket: close 1001 (going away)
ERROR: 2025/06/04 17:01:59 logger.go:23: Error reading message: websocket: close 1001 (going away)
ERROR: 2025/06/04 17:01:59 logger.go:23: Error reading message: websocket: close 1001 (going away)
ERROR: 2025/06/04 17:01:59 logger.go:23: Error reading message: websocket: close 1001 (going away)
ERROR: 2025/06/04 17:01:59 logger.go:23: Error sending online/offline users list: websocket: close sent
ERROR: 2025/06/04 17:01:59 logger.go:23: Error sending online/offline users list: websocket: close sent
ERROR: 2025/06/04 17:01:59 logger.go:23: Error sending online/offline users list: websocket: close sent
ERROR: 2025/06/04 17:01:59 logger.go:23: Error sending online/offline users list: websocket: close sent
ERROR: 2025/06/04 17:01:59 logger.go:23: Error sending online/offline users list: websocket: close sent
ERROR: 2025/06/04 17:01:59 logger.go:23: Error reading message: websocket: close 1001 (going away)
ERROR: 2025/06/04 17:01:59 logger.go:23: Error reading message: websocket: close 1001 (going away)
ERROR: 2025/06/04 17:01:59 logger.go:23: Error reading message: websocket: close 1001 (going away)
ERROR: 2025/06/04 17:01:59 logger.go:23: Error reading message: websocket: close 1001 (going away)
ERROR: 2025/06/04 17:01:59 logger.go:23: Error reading message: websocket: close 1001 (going away)
ERROR: 2025/06/04 17:01:59 logger.go:23: Error reading message: websocket: close 1001 (going away)
ERROR: 2025/06/04 17:01:59 logger.go:23: Error reading message: websocket: close 1001 (going away)
ERROR: 2025/06/04 17:01:59 logger.go:23: Error sending online/offline users list: websocket: close sent
ERROR: 2025/06/04 17:01:59 logger.go:23: Error sending online/offline users list: websocket: close sent
ERROR: 2025/06/04 17:01:59 logger.go:23: Error sending online/offline users list: websocket: close sent
ERROR: 2025/06/04 17:01:59 logger.go:23: Error sending online/offline users list: websocket: close sent
ERROR: 2025/06/04 17:01:59 logger.go:23: Error sending online/offline users list: websocket: close sent
ERROR: 2025/06/04 17:01:59 logger.go:23: Error sending online/offline users list: websocket: close sent
ERROR: 2025/06/04 17:01:59 logger.go:23: Error sending online/offline users list: websocket: close sent
ERROR: 2025/06/04 17:01:59 logger.go:23: Error sending online/offline users list: websocket: close sent
ERROR: 2025/06/04 17:01:59 logger.go:23: Error reading message: websocket: close 1001 (going away)
ERROR: 2025/06/04 17:01:59 logger.go:23: Error reading message: websocket: close 1001 (going away)
ERROR: 2025/06/04 17:01:59 logger.go:23: Error reading message: websocket: close 1001 (going away)
ERROR: 2025/06/04 17:01:59 logger.go:23: Error reading message: websocket: close 1001 (going away)
ERROR: 2025/06/04 17:01:59 logger.go:23: Error reading message: websocket: close 1001 (going away)
ERROR: 2025/06/04 17:01:59 logger.go:23: Error reading message: websocket: close 1001 (going away)
ERROR: 2025/06/04 17:01:59 logger.go:23: Error sending online/offline users list: websocket: close sent
ERROR: 2025/06/04 17:01:59 logger.go:23: Error reading message: websocket: close 1001 (going away)
ERROR: 2025/06/04 17:02:34 logger.go:23: Error reading message: websocket: close 1001 (going away)
ERROR: 2025/06/04 17:02:34 logger.go:23: Error sending online/offline users list: websocket: close sent
ERROR: 2025/06/04 17:02:34 logger.go:23: Error sending online/offline users list: write tcp [::1]:8080->[::1]:52878: write: broken pipe
ERROR: 2025/06/04 17:02:34 logger.go:23: Error sending online/offline users list: write tcp [::1]:8080->[::1]:52906: write: broken pipe
ERROR: 2025/06/04 17:02:34 logger.go:23: Error sending online/offline users list: websocket: close sent
ERROR: 2025/06/04 17:02:34 logger.go:23: Error reading message: websocket: close 1001 (going away)
ERROR: 2025/06/04 17:02:34 logger.go:23: Error sending online/offline users list: write tcp [::1]:8080->[::1]:52845: write: broken pipe
ERROR: 2025/06/04 17:02:34 logger.go:23: Error sending online/offline users list: write tcp [::1]:8080->[::1]:52878: write: broken pipe
ERROR: 2025/06/04 17:02:34 logger.go:23: Error reading message: websocket: close 1001 (going away)
ERROR: 2025/06/04 17:02:34 logger.go:23: Error reading message: websocket: close 1001 (going away)
ERROR: 2025/06/04 17:02:34 logger.go:23: Error sending online/offline users list: write tcp [::1]:8080->[::1]:52906: write: broken pipe
ERROR: 2025/06/04 17:02:34 logger.go:23: Error sending online/offline users list: websocket: close sent
ERROR: 2025/06/04 17:02:34 logger.go:23: Error reading message: websocket: close 1001 (going away)
ERROR: 2025/06/04 17:02:34 logger.go:23: Error reading message: websocket: close 1001 (going away)
ERROR: 2025/06/04 17:02:34 logger.go:23: Error reading message: websocket: close 1001 (going away)
ERROR: 2025/06/04 17:02:34 logger.go:23: Error reading message: websocket: close 1001 (going away)
ERROR: 2025/06/04 17:02:34 logger.go:23: Error reading message: websocket: close 1001 (going away)
ERROR: 2025/06/04 17:02:34 logger.go:23: Error reading message: websocket: close 1001 (going away)
ERROR: 2025/06/04 17:02:34 logger.go:23: Error sending online/offline users list: websocket: close sent
ERROR: 2025/06/04 17:02:34 logger.go:23: Error sending online/offline users list: write tcp [::1]:8080->[::1]:52845: write: broken pipe
ERROR: 2025/06/04 17:02:34 logger.go:23: Error sending online/offline users list: websocket: close sent
ERROR: 2025/06/04 17:02:34 logger.go:23: Error sending online/offline users list: websocket: close sent
ERROR: 2025/06/04 17:02:34 logger.go:23: Error sending online/offline users list: write tcp [::1]:8080->[::1]:52906: write: broken pipe
ERROR: 2025/06/04 17:02:34 logger.go:23: Error sending online/offline users list: websocket: close sent
ERROR: 2025/06/04 17:02:34 logger.go:23: Error sending online/offline users list: websocket: close sent
ERROR: 2025/06/04 17:02:34 logger.go:23: Error sending online/offline users list: websocket: close sent
ERROR: 2025/06/04 17:02:34 logger.go:23: Error sending online/offline users list: websocket: close sent
ERROR: 2025/06/04 17:02:34 logger.go:23: Error sending online/offline users list: write tcp [::1]:8080->[::1]:52845: write: broken pipe
ERROR: 2025/06/04 17:02:34 logger.go:23: Error sending online/offline users list: websocket: close sent
ERROR: 2025/06/04 17:02:34 logger.go:23: Error sending online/offline users list: websocket: close sent
ERROR: 2025/06/04 17:02:34 logger.go:23: Error sending online/offline users list: write tcp [::1]:8080->[::1]:52906: write: broken pipe
ERROR: 2025/06/04 17:02:34 logger.go:23: Error sending online/offline users list: websocket: close sent
ERROR: 2025/06/04 17:02:34 logger.go:23: Error sending online/offline users list: websocket: close sent
ERROR: 2025/06/04 17:02:34 logger.go:23: Error sending online/offline users list: websocket: close sent
ERROR: 2025/06/04 17:02:35 logger.go:23: Error reading message: websocket: close 1001 (going away)
ERROR: 2025/06/04 17:02:35 logger.go:23: Error reading message: websocket: close 1001 (going away)
ERROR: 2025/06/04 17:02:35 logger.go:23: Error sending online/offline users list: write tcp [::1]:8080->[::1]:52847: write: broken pipe
ERROR: 2025/06/04 17:02:35 logger.go:23: Error sending online/offline users list: write tcp [::1]:8080->[::1]:52885: write: broken pipe
ERROR: 2025/06/04 17:02:35 logger.go:23: Error sending online/offline users list: write tcp [::1]:8080->[::1]:52908: write: broken pipe
ERROR: 2025/06/04 17:02:35 logger.go:23: Error reading message: websocket: close 1001 (going away)
ERROR: 2025/06/04 17:02:35 logger.go:23: Error sending online/offline users list: write tcp [::1]:8080->[::1]:52847: write: broken pipe
ERROR: 2025/06/04 17:02:35 logger.go:23: Error sending online/offline users list: write tcp [::1]:8080->[::1]:52885: write: broken pipe
ERROR: 2025/06/04 17:02:35 logger.go:23: Error reading message: websocket: close 1001 (going away)
ERROR: 2025/06/04 17:02:35 logger.go:23: Error sending online/offline users list: write tcp [::1]:8080->[::1]:52847: write: broken pipe
ERROR: 2025/06/04 17:02:35 logger.go:23: Error reading message: websocket: close 1001 (going away)
ERROR: 2025/06/04 17:03:49 logger.go:23: Error reading message: websocket: close 1001 (going away)
ERROR: 2025/06/04 17:03:49 logger.go:23: Error reading message: websocket: close 1001 (going away)
ERROR: 2025/06/04 17:03:49 logger.go:23: Error reading message: websocket: close 1001 (going away)
ERROR: 2025/06/04 17:03:49 logger.go:23: Error reading message: websocket: close 1001 (going away)
ERROR: 2025/06/04 17:03:49 logger.go:23: Error reading message: websocket: close 1001 (going away)
ERROR: 2025/06/04 17:03:49 logger.go:23: Error reading message: websocket: close 1001 (going away)
ERROR: 2025/06/04 17:03:49 logger.go:23: Error reading message: websocket: close 1001 (going away)
ERROR: 2025/06/04 17:03:49 logger.go:23: Error sending online/offline users list: write tcp [::1]:8080->[::1]:53044: write: broken pipe
ERROR: 2025/06/04 17:03:49 logger.go:23: Error sending online/offline users list: write tcp [::1]:8080->[::1]:53084: write: broken pipe
ERROR: 2025/06/04 17:03:49 logger.go:23: Error sending online/offline users list: write tcp [::1]:8080->[::1]:53328: write: broken pipe
ERROR: 2025/06/04 17:03:49 logger.go:23: Error sending online/offline users list: write tcp [::1]:8080->[::1]:53353: write: broken pipe
ERROR: 2025/06/04 17:03:49 logger.go:23: Error sending online/offline users list: write tcp [::1]:8080->[::1]:53044: write: broken pipe
ERROR: 2025/06/04 17:03:49 logger.go:23: Error sending online/offline users list: write tcp [::1]:8080->[::1]:53084: write: broken pipe
ERROR: 2025/06/04 17:03:49 logger.go:23: Error sending online/offline users list: write tcp [::1]:8080->[::1]:53328: write: broken pipe
ERROR: 2025/06/04 17:03:49 logger.go:23: Error sending online/offline users list: write tcp [::1]:8080->[::1]:53353: write: broken pipe
ERROR: 2025/06/04 17:03:49 logger.go:23: Error reading message: websocket: close 1001 (going away)
ERROR: 2025/06/04 17:03:49 logger.go:23: Error reading message: websocket: close 1001 (going away)
ERROR: 2025/06/04 17:03:49 logger.go:23: Error reading message: websocket: close 1001 (going away)
ERROR: 2025/06/04 17:03:49 logger.go:23: Error reading message: websocket: close 1001 (going away)
ERROR: 2025/06/04 17:03:49 logger.go:23: Error reading message: websocket: close 1001 (going away)
ERROR: 2025/06/04 17:03:49 logger.go:23: Error sending online/offline users list: websocket: close sent
ERROR: 2025/06/04 17:03:49 logger.go:23: Error sending online/offline users list: websocket: close sent
ERROR: 2025/06/04 17:03:49 logger.go:23: Error reading message: websocket: close 1001 (going away)
ERROR: 2025/06/04 17:03:49 logger.go:23: Error sending online/offline users list: websocket: close sent
ERROR: 2025/06/04 17:03:49 logger.go:23: Error reading message: websocket: close 1001 (going away)
ERROR: 2025/06/04 17:03:49 logger.go:23: Error sending online/offline users list: websocket: close sent
ERROR: 2025/06/04 17:03:49 logger.go:23: Error sending online/offline users list: websocket: close sent
ERROR: 2025/06/04 17:03:49 logger.go:23: Error sending online/offline users list: websocket: close sent
ERROR: 2025/06/04 17:03:49 logger.go:23: Error sending online/offline users list: websocket: close sent
ERROR: 2025/06/04 17:03:49 logger.go:23: Error reading message: websocket: close 1001 (going away)
ERROR: 2025/06/04 17:03:49 logger.go:23: Error reading message: websocket: close 1001 (going away)
ERROR: 2025/06/04 17:03:49 logger.go:23: Error sending online/offline users list: write tcp [::1]:8080->[::1]:53047: write: broken pipe
ERROR: 2025/06/04 17:03:49 logger.go:23: Error sending online/offline users list: write tcp [::1]:8080->[::1]:53085: write: broken pipe
ERROR: 2025/06/04 17:03:49 logger.go:23: Error sending online/offline users list: write tcp [::1]:8080->[::1]:53317: write: broken pipe
ERROR: 2025/06/04 17:03:49 logger.go:23: Error sending online/offline users list: write tcp [::1]:8080->[::1]:53332: write: broken pipe
ERROR: 2025/06/04 17:03:49 logger.go:23: Error sending online/offline users list: write tcp [::1]:8080->[::1]:53360: write: broken pipe
ERROR: 2025/06/04 17:03:49 logger.go:23: Error reading message: websocket: close 1001 (going away)
ERROR: 2025/06/04 17:03:49 logger.go:23: Error sending online/offline users list: write tcp [::1]:8080->[::1]:53047: write: broken pipe
ERROR: 2025/06/04 17:03:49 logger.go:23: Error sending online/offline users list: write tcp [::1]:8080->[::1]:53085: write: broken pipe
ERROR: 2025/06/04 17:03:49 logger.go:23: Error sending online/offline users list: write tcp [::1]:8080->[::1]:53317: write: broken pipe
ERROR: 2025/06/04 17:03:49 logger.go:23: Error sending online/offline users list: write tcp [::1]:8080->[::1]:53332: write: broken pipe
ERROR: 2025/06/04 17:03:49 logger.go:23: Error reading message: websocket: close 1001 (going away)
ERROR: 2025/06/04 17:03:49 logger.go:23: Error sending online/offline users list: write tcp [::1]:8080->[::1]:53047: write: broken pipe
ERROR: 2025/06/04 17:03:49 logger.go:23: Error sending online/offline users list: write tcp [::1]:8080->[::1]:53085: write: broken pipe
ERROR: 2025/06/04 17:03:49 logger.go:23: Error sending online/offline users list: write tcp [::1]:8080->[::1]:53317: write: broken pipe
ERROR: 2025/06/04 17:03:49 logger.go:23: Error reading message: websocket: close 1001 (going away)
ERROR: 2025/06/04 17:03:49 logger.go:23: Error sending online/offline users list: write tcp [::1]:8080->[::1]:53047: write: broken pipe
ERROR: 2025/06/04 17:03:49 logger.go:23: Error sending online/offline users list: write tcp [::1]:8080->[::1]:53085: write: broken pipe
ERROR: 2025/06/04 17:03:49 logger.go:23: Error reading message: websocket: close 1001 (going away)
ERROR: 2025/06/04 17:03:49 logger.go:23: Error sending online/offline users list: write tcp [::1]:8080->[::1]:53047: write: broken pipe
ERROR: 2025/06/04 17:03:49 logger.go:23: Error reading message: websocket: close 1001 (going away)
ERROR: 2025/06/04 17:08:35 logger.go:23: Error reading message: websocket: close 1001 (going away)
ERROR: 2025/06/04 17:09:23 logger.go:23: Error reading message: websocket: close 1001 (going away)
ERROR: 2025/06/04 17:09:23 logger.go:23: Error reading message: websocket: close 1001 (going away)
ERROR: 2025/06/04 17:09:23 logger.go:23: Error sending online/offline users list: websocket: close sent
ERROR: 2025/06/04 17:11:32 logger.go:23: Error reading message: websocket: close 1001 (going away)
ERROR: 2025/06/04 17:11:32 logger.go:23: Error reading message: websocket: close 1001 (going away)
ERROR: 2025/06/04 17:11:32 logger.go:23: Error reading message: websocket: close 1001 (going away)
ERROR: 2025/06/04 17:11:32 logger.go:23: Error sending online/offline users list: write tcp [::1]:8080->[::1]:55263: write: broken pipe
ERROR: 2025/06/04 17:11:32 logger.go:23: Error reading message: websocket: close 1001 (going away)
ERROR: 2025/06/04 17:11:32 logger.go:23: Error sending online/offline users list: write tcp [::1]:8080->[::1]:55271: write: broken pipe
ERROR: 2025/06/04 17:11:32 logger.go:23: Error reading message: websocket: close 1001 (going away)
ERROR: 2025/06/04 17:11:32 logger.go:23: Error sending online/offline users list: write tcp [::1]:8080->[::1]:55674: write: broken pipe
ERROR: 2025/06/04 17:11:32 logger.go:23: Error sending online/offline users list: write tcp [::1]:8080->[::1]:55271: write: broken pipe
ERROR: 2025/06/04 17:11:32 logger.go:23: Error sending online/offline users list: write tcp [::1]:8080->[::1]:55674: write: broken pipe
ERROR: 2025/06/04 17:11:33 logger.go:23: Error sending online/offline users list: write tcp [::1]:8080->[::1]:55674: write: broken pipe
ERROR: 2025/06/04 17:17:06 logger.go:23: Error reading message: websocket: close 1001 (going away)
ERROR: 2025/06/04 17:17:06 logger.go:23: Error reading message: websocket: close 1001 (going away)
ERROR: 2025/06/04 17:17:06 logger.go:23: Error reading message: websocket: close 1001 (going away)
ERROR: 2025/06/04 17:17:06 logger.go:23: Error reading message: websocket: close 1001 (going away)
ERROR: 2025/06/04 17:17:06 logger.go:23: Error sending online/offline users list: websocket: close sent
ERROR: 2025/06/04 17:17:06 logger.go:23: Error sending online/offline users list: websocket: close sent
ERROR: 2025/06/04 17:17:06 logger.go:23: Error sending online/offline users list: websocket: close sent
ERROR: 2025/06/04 17:17:06 logger.go:23: Error sending online/offline users list: websocket: close sent
ERROR: 2025/06/04 17:17:06 logger.go:23: Error reading message: websocket: close 1001 (going away)
ERROR: 2025/06/04 17:17:06 logger.go:23: Error reading message: websocket: close 1001 (going away)
ERROR: 2025/06/04 17:17:06 logger.go:23: Error reading message: websocket: close 1001 (going away)
ERROR: 2025/06/04 17:17:06 logger.go:23: Error sending online/offline users list: websocket: close sent
ERROR: 2025/06/04 17:17:06 logger.go:23: Error sending online/offline users list: websocket: close sent
ERROR: 2025/06/04 17:17:06 logger.go:23: Error sending online/offline users list: websocket: close sent
ERROR: 2025/06/04 17:17:06 logger.go:23: Error sending online/offline users list: write tcp [::1]:8080->[::1]:56952: write: broken pipe
ERROR: 2025/06/04 17:17:06 logger.go:23: Error sending online/offline users list: websocket: close sent
ERROR: 2025/06/04 17:17:06 logger.go:23: Error reading message: websocket: close 1001 (going away)
ERROR: 2025/06/04 17:17:06 logger.go:23: Error reading message: websocket: close 1001 (going away)
ERROR: 2025/06/04 17:17:06 logger.go:23: Error sending online/offline users list: websocket: close sent
ERROR: 2025/06/04 17:17:06 logger.go:23: Error sending online/offline users list: websocket: close sent
ERROR: 2025/06/04 17:17:06 logger.go:23: Error sending online/offline users list: websocket: close sent
ERROR: 2025/06/04 17:17:06 logger.go:23: Error sending online/offline users list: write tcp [::1]:8080->[::1]:56952: write: broken pipe
ERROR: 2025/06/04 17:17:06 logger.go:23: Error reading message: websocket: close 1001 (going away)
ERROR: 2025/06/04 17:17:06 logger.go:23: Error sending online/offline users list: websocket: close sent
ERROR: 2025/06/04 17:17:06 logger.go:23: Error sending online/offline users list: websocket: close sent
ERROR: 2025/06/04 17:17:06 logger.go:23: Error sending online/offline users list: websocket: close sent
ERROR: 2025/06/04 17:17:06 logger.go:23: Error sending online/offline users list: websocket: close sent
ERROR: 2025/06/04 17:17:06 logger.go:23: Error reading message: websocket: close 1001 (going away)
ERROR: 2025/06/04 17:17:06 logger.go:23: Error reading message: websocket: close 1001 (going away)
ERROR: 2025/06/04 17:17:06 logger.go:23: Error sending online/offline users list: write tcp [::1]:8080->[::1]:57236: write: broken pipe
ERROR: 2025/06/04 17:17:06 logger.go:23: Error sending online/offline users list: write tcp [::1]:8080->[::1]:57284: write: broken pipe
ERROR: 2025/06/04 17:17:06 logger.go:23: Error sending online/offline users list: write tcp [::1]:8080->[::1]:57236: write: broken pipe
ERROR: 2025/06/04 17:17:06 logger.go:23: Error sending online/offline users list: write tcp [::1]:8080->[::1]:57284: write: broken pipe
ERROR: 2025/06/04 17:17:06 logger.go:23: Error sending online/offline users list: write tcp [::1]:8080->[::1]:57236: write: broken pipe
ERROR: 2025/06/04 17:17:06 logger.go:23: Error sending online/offline users list: write tcp [::1]:8080->[::1]:57284: write: broken pipe
ERROR: 2025/06/04 17:17:06 logger.go:23: Error sending online/offline users list: write tcp [::1]:8080->[::1]:57236: write: broken pipe
ERROR: 2025/06/04 17:17:06 logger.go:23: Error sending online/offline users list: write tcp [::1]:8080->[::1]:57284: write: broken pipe
ERROR: 2025/06/04 17:17:06 logger.go:23: Error sending online/offline users list: write tcp [::1]:8080->[::1]:57236: write: broken pipe
ERROR: 2025/06/04 17:17:11 logger.go:23: Error reading message: websocket: close 1001 (going away)
ERROR: 2025/06/04 17:17:44 logger.go:23: Error reading message: websocket: close 1001 (going away)
ERROR: 2025/06/04 17:19:35 logger.go:23: Error reading message: websocket: close 1001 (going away)
ERROR: 2025/06/04 17:20:23 logger.go:23: Error reading message: websocket: close 1001 (going away)
ERROR: 2025/06/04 17:21:29 logger.go:23: Error reading message: websocket: close 1006 (abnormal closure): unexpected EOF
ERROR: 2025/06/04 17:21:29 logger.go:23: Error reading message: websocket: close 1006 (abnormal closure): unexpected EOF
ERROR: 2025/06/04 17:21:29 logger.go:23: Error reading message: read tcp [::1]:8080->[::1]:58384: read: connection reset by peer
ERROR: 2025/06/04 17:21:29 logger.go:23: Error reading message: read tcp [::1]:8080->[::1]:58396: read: connection reset by peer
ERROR: 2025/06/04 17:21:29 logger.go:23: Error reading message: websocket: close 1006 (abnormal closure): unexpected EOF
ERROR: 2025/06/04 17:21:29 logger.go:23: Error sending online/offline users list: write tcp [::1]:8080->[::1]:58373: write: broken pipe
ERROR: 2025/06/04 17:21:29 logger.go:23: Error sending online/offline users list: write tcp [::1]:8080->[::1]:58396: write: broken pipe
ERROR: 2025/06/04 17:21:29 logger.go:23: Error sending online/offline users list: write tcp [::1]:8080->[::1]:58398: write: broken pipe
ERROR: 2025/06/04 17:21:29 logger.go:23: Error sending online/offline users list: write tcp [::1]:8080->[::1]:58410: write: broken pipe
ERROR: 2025/06/04 17:21:29 logger.go:23: Error sending online/offline users list: write tcp [::1]:8080->[::1]:58411: write: broken pipe
ERROR: 2025/06/04 17:21:29 logger.go:23: Error sending online/offline users list: write tcp [::1]:8080->[::1]:58412: write: broken pipe
ERROR: 2025/06/04 17:21:29 logger.go:23: Error sending online/offline users list: write tcp [::1]:8080->[::1]:58563: write: broken pipe
ERROR: 2025/06/04 17:21:29 logger.go:23: Error sending online/offline users list: write tcp [::1]:8080->[::1]:58564: write: broken pipe
ERROR: 2025/06/04 17:21:29 logger.go:23: Error reading message: read tcp [::1]:8080->[::1]:58398: read: connection reset by peer
ERROR: 2025/06/04 17:21:29 logger.go:23: Error reading message: read tcp [::1]:8080->[::1]:58410: read: connection reset by peer
ERROR: 2025/06/04 17:21:29 logger.go:23: Error reading message: read tcp [::1]:8080->[::1]:58411: read: connection reset by peer
ERROR: 2025/06/04 17:21:29 logger.go:23: Error reading message: read tcp [::1]:8080->[::1]:58412: read: connection reset by peer
ERROR: 2025/06/04 17:21:29 logger.go:23: Error reading message: read tcp [::1]:8080->[::1]:58563: read: connection reset by peer
ERROR: 2025/06/04 17:21:29 logger.go:23: Error reading message: read tcp [::1]:8080->[::1]:58565: read: connection reset by peer
ERROR: 2025/06/04 17:21:29 logger.go:23: Error reading message: read tcp [::1]:8080->[::1]:58564: read: connection reset by peer
ERROR: 2025/06/04 17:21:29 logger.go:23: Error sending online/offline users list: write tcp [::1]:8080->[::1]:58565: write: broken pipe
ERROR: 2025/06/04 17:21:29 logger.go:23: Error sending online/offline users list: write tcp [::1]:8080->[::1]:58373: write: broken pipe
ERROR: 2025/06/04 17:21:29 logger.go:23: Error sending online/offline users list: write tcp [::1]:8080->[::1]:58398: write: broken pipe
ERROR: 2025/06/04 17:21:29 logger.go:23: Error sending online/offline users list: write tcp [::1]:8080->[::1]:58410: write: broken pipe
ERROR: 2025/06/04 17:21:29 logger.go:23: Error sending online/offline users list: write tcp [::1]:8080->[::1]:58411: write: broken pipe
ERROR: 2025/06/04 17:21:29 logger.go:23: Error sending online/offline users list: write tcp [::1]:8080->[::1]:58412: write: broken pipe
ERROR: 2025/06/04 17:21:29 logger.go:23: Error sending online/offline users list: write tcp [::1]:8080->[::1]:58563: write: broken pipe
ERROR: 2025/06/04 17:21:29 logger.go:23: Error sending online/offline users list: write tcp [::1]:8080->[::1]:58564: write: broken pipe
ERROR: 2025/06/04 17:21:29 logger.go:23: Error sending online/offline users list: write tcp [::1]:8080->[::1]:58565: write: broken pipe
ERROR: 2025/06/04 17:21:29 logger.go:23: Error sending online/offline users list: write tcp [::1]:8080->[::1]:58398: write: broken pipe
ERROR: 2025/06/04 17:21:29 logger.go:23: Error sending online/offline users list: write tcp [::1]:8080->[::1]:58410: write: broken pipe
ERROR: 2025/06/04 17:21:29 logger.go:23: Error sending online/offline users list: write tcp [::1]:8080->[::1]:58411: write: broken pipe
ERROR: 2025/06/04 17:21:29 logger.go:23: Error sending online/offline users list: write tcp [::1]:8080->[::1]:58412: write: broken pipe
ERROR: 2025/06/04 17:21:29 logger.go:23: Error sending online/offline users list: write tcp [::1]:8080->[::1]:58563: write: broken pipe
ERROR: 2025/06/04 17:21:29 logger.go:23: Error sending online/offline users list: write tcp [::1]:8080->[::1]:58564: write: broken pipe
ERROR: 2025/06/04 17:21:29 logger.go:23: Error sending online/offline users list: write tcp [::1]:8080->[::1]:58565: write: broken pipe
ERROR: 2025/06/04 17:21:29 logger.go:23: Error sending online/offline users list: write tcp [::1]:8080->[::1]:58398: write: broken pipe
ERROR: 2025/06/04 17:21:29 logger.go:23: Error sending online/offline users list: write tcp [::1]:8080->[::1]:58410: write: broken pipe
ERROR: 2025/06/04 17:21:29 logger.go:23: Error sending online/offline users list: write tcp [::1]:8080->[::1]:58411: write: broken pipe
ERROR: 2025/06/04 17:21:29 logger.go:23: Error sending online/offline users list: write tcp [::1]:8080->[::1]:58412: write: broken pipe
ERROR: 2025/06/04 17:21:29 logger.go:23: Error sending online/offline users list: write tcp [::1]:8080->[::1]:58563: write: broken pipe
ERROR: 2025/06/04 17:21:29 logger.go:23: Error sending online/offline users list: write tcp [::1]:8080->[::1]:58564: write: broken pipe
ERROR: 2025/06/04 17:21:29 logger.go:23: Error sending online/offline users list: write tcp [::1]:8080->[::1]:58565: write: broken pipe
ERROR: 2025/06/04 17:21:29 logger.go:23: Error sending online/offline users list: write tcp [::1]:8080->[::1]:58410: write: broken pipe
ERROR: 2025/06/04 17:21:29 logger.go:23: Error sending online/offline users list: write tcp [::1]:8080->[::1]:58411: write: broken pipe
ERROR: 2025/06/04 17:21:29 logger.go:23: Error sending online/offline users list: write tcp [::1]:8080->[::1]:58412: write: broken pipe
ERROR: 2025/06/04 17:21:29 logger.go:23: Error sending online/offline users list: write tcp [::1]:8080->[::1]:58563: write: broken pipe
ERROR: 2025/06/04 17:21:29 logger.go:23: Error sending online/offline users list: write tcp [::1]:8080->[::1]:58564: write: broken pipe
ERROR: 2025/06/04 17:21:29 logger.go:23: Error sending online/offline users list: write tcp [::1]:8080->[::1]:58565: write: broken pipe
ERROR: 2025/06/04 17:21:29 logger.go:23: Error sending online/offline users list: write tcp [::1]:8080->[::1]:58411: write: broken pipe
ERROR: 2025/06/04 17:21:29 logger.go:23: Error sending online/offline users list: write tcp [::1]:8080->[::1]:58412: write: broken pipe
ERROR: 2025/06/04 17:21:29 logger.go:23: Error sending online/offline users list: write tcp [::1]:8080->[::1]:58563: write: broken pipe
ERROR: 2025/06/04 17:21:29 logger.go:23: Error sending online/offline users list: write tcp [::1]:8080->[::1]:58564: write: broken pipe
ERROR: 2025/06/04 17:21:29 logger.go:23: Error sending online/offline users list: write tcp [::1]:8080->[::1]:58565: write: broken pipe
ERROR: 2025/06/04 17:21:29 logger.go:23: Error sending online/offline users list: write tcp [::1]:8080->[::1]:58412: write: broken pipe
ERROR: 2025/06/04 17:21:29 logger.go:23: Error sending online/offline users list: write tcp [::1]:8080->[::1]:58563: write: broken pipe
ERROR: 2025/06/04 17:21:29 logger.go:23: Error sending online/offline users list: write tcp [::1]:8080->[::1]:58564: write: broken pipe
ERROR: 2025/06/04 17:21:29 logger.go:23: Error sending online/offline users list: write tcp [::1]:8080->[::1]:58565: write: broken pipe
ERROR: 2025/06/04 17:21:29 logger.go:23: Error sending online/offline users list: write tcp [::1]:8080->[::1]:58563: write: broken pipe
ERROR: 2025/06/04 17:21:29 logger.go:23: Error sending online/offline users list: write tcp [::1]:8080->[::1]:58564: write: broken pipe
ERROR: 2025/06/04 17:21:29 logger.go:23: Error sending online/offline users list: write tcp [::1]:8080->[::1]:58565: write: broken pipe
ERROR: 2025/06/04 17:21:29 logger.go:23: Error sending online/offline users list: write tcp [::1]:8080->[::1]:58564: write: broken pipe
ERROR: 2025/06/04 17:21:29 logger.go:23: Error sending online/offline users list: write tcp [::1]:8080->[::1]:58565: write: broken pipe
ERROR: 2025/06/04 17:21:29 logger.go:23: Error sending online/offline users list: write tcp [::1]:8080->[::1]:58564: write: broken pipe
ERROR: 2025/06/04 22:50:01 logger.go:23: Unauthorized: Missing token: http: named cookie not present
ERROR: 2025/06/04 23:13:24 logger.go:23: Error reading message: websocket: close 1001 (going away)
ERROR: 2025/06/04 23:13:24 logger.go:23: Error reading message: websocket: close 1001 (going away)
ERROR: 2025/06/04 23:13:24 logger.go:23: Error reading message: websocket: close 1001 (going away)
ERROR: 2025/06/04 23:13:24 logger.go:23: Error sending online/offline users list: websocket: close sent
ERROR: 2025/06/04 23:13:24 logger.go:23: Error sending online/offline users list: websocket: close sent
ERROR: 2025/06/04 23:13:24 logger.go:23: Error sending online/offline users list: websocket: close sent
ERROR: 2025/06/05 11:42:24 logger.go:23: Unauthorized: Missing token: http: named cookie not present
ERROR: 2025/06/05 11:42:31 logger.go:23: Unauthorized: Missing token: http: named cookie not present
ERROR: 2025/06/05 11:43:42 logger.go:23: Error fetching posts: pq: relation "postsprivacy" does not exist
ERROR: 2025/06/05 11:43:42 logger.go:23: Error fetching posts: pq: relation "postsprivacy" does not exist
ERROR: 2025/06/05 11:43:48 logger.go:23: Error fetching posts: pq: relation "postsprivacy" does not exist
ERROR: 2025/06/05 11:43:49 logger.go:23: Error reading message: websocket: close 1001 (going away)
ERROR: 2025/06/05 11:43:50 logger.go:23: Error fetching posts: pq: relation "postsprivacy" does not exist
ERROR: 2025/06/05 11:43:51 logger.go:23: Error fetching posts: pq: relation "postsprivacy" does not exist
ERROR: 2025/06/05 11:44:44 logger.go:23: Error reading message: websocket: close 1001 (going away)
ERROR: 2025/06/05 11:44:57 logger.go:23: Error reading message: websocket: close 1001 (going away)
ERROR: 2025/06/05 11:45:15 logger.go:23: Error reading message: websocket: close 1001 (going away)
ERROR: 2025/06/05 11:45:56 logger.go:23: Error reading message: websocket: close 1001 (going away)
ERROR: 2025/06/05 11:46:24 logger.go:23: Failed to fetch messages: pq: relation "messages" does not exist
ERROR: 2025/06/05 11:46:39 logger.go:23: Failed to fetch messages: pq: relation "messages" does not exist
ERROR: 2025/06/05 11:46:40 logger.go:23: Failed to get receiver ID: sql: no rows in result set
ERROR: 2025/06/05 11:46:52 logger.go:23: Error reading message: websocket: close 1001 (going away)
ERROR: 2025/06/05 11:46:52 logger.go:23: Error reading message: websocket: close 1001 (going away)
ERROR: 2025/06/05 11:46:52 logger.go:23: Error sending online/offline users list: websocket: close sent
ERROR: 2025/06/05 11:46:53 logger.go:23: Error reading message: websocket: close 1001 (going away)
ERROR: 2025/06/05 11:46:53 logger.go:23: Error reading message: websocket: close 1001 (going away)
ERROR: 2025/06/05 11:46:53 logger.go:23: Error reading message: websocket: close 1001 (going away)
ERROR: 2025/06/05 11:46:53 logger.go:23: Error sending online/offline users list: websocket: close sent
ERROR: 2025/06/05 11:46:53 logger.go:23: Error sending online/offline users list: websocket: close sent
ERROR: 2025/06/05 11:47:02 logger.go:23: Error reading message: websocket: close 1001 (going away)
ERROR: 2025/06/05 11:48:45 logger.go:23: Error reading message: websocket: close 1001 (going away)
ERROR: 2025/06/05 11:51:48 logger.go:23: Error reading message: websocket: close 1001 (going away)
ERROR: 2025/06/05 11:51:58 logger.go:23: Error reading message: websocket: close 1001 (going away)
ERROR: 2025/06/05 11:51:58 logger.go:23: Error reading message: websocket: close 1001 (going away)
ERROR: 2025/06/05 11:51:58 logger.go:23: Error sending online/offline users list: websocket: close sent
ERROR: 2025/06/05 11:53:16 logger.go:23: Error reading message: websocket: close 1001 (going away)
ERROR: 2025/06/05 11:55:09 logger.go:23: Failed to fetch messages: pq: relation "messages" does not exist
ERROR: 2025/06/05 11:55:10 logger.go:23: Failed to get receiver ID: sql: no rows in result set
ERROR: 2025/06/05 11:56:07 logger.go:23: Error reading message: websocket: close 1001 (going away)
ERROR: 2025/06/05 11:56:07 logger.go:23: Error reading message: websocket: close 1001 (going away)
ERROR: 2025/06/05 11:56:07 logger.go:23: Error sending online/offline users list: websocket: close sent
ERROR: 2025/06/05 11:56:11 logger.go:23: Failed to fetch messages: pq: relation "messages" does not exist
ERROR: 2025/06/05 11:56:12 logger.go:23: Failed to get receiver ID: sql: no rows in result set
ERROR: 2025/06/05 11:57:48 logger.go:23: Error reading message: websocket: close 1001 (going away)
ERROR: 2025/06/05 11:58:12 logger.go:23: Failed to fetch messages: pq: relation "messages" does not exist
ERROR: 2025/06/05 11:58:29 logger.go:23: Failed to get receiver ID: sql: no rows in result set
ERROR: 2025/06/05 11:59:16 logger.go:23: Failed to fetch messages: pq: relation "messages" does not exist
ERROR: 2025/06/05 11:59:17 logger.go:23: Failed to get receiver ID: sql: no rows in result set
ERROR: 2025/06/05 12:02:02 logger.go:23: Error reading message: websocket: close 1001 (going away)
ERROR: 2025/06/05 12:02:05 logger.go:23: Failed to fetch messages: pq: relation "messages" does not exist
ERROR: 2025/06/05 12:02:08 logger.go:23: Failed to get receiver ID: sql: no rows in result set
ERROR: 2025/06/05 12:02:48 logger.go:23: Error reading message: websocket: close 1001 (going away)
ERROR: 2025/06/05 12:03:00 logger.go:23: Failed to fetch messages: pq: relation "messages" does not exist
ERROR: 2025/06/05 12:03:12 logger.go:23: Failed to get receiver ID: sql: no rows in result set
ERROR: 2025/06/05 12:04:06 logger.go:23: Failed to get receiver ID: empty username provided
ERROR: 2025/06/05 12:04:10 logger.go:23: Failed to get receiver ID: empty username provided
ERROR: 2025/06/05 12:04:57 logger.go:23: Error reading message: websocket: close 1001 (going away)
ERROR: 2025/06/05 12:04:57 logger.go:23: Error reading message: websocket: close 1001 (going away)
ERROR: 2025/06/05 12:04:57 logger.go:23: Error reading message: websocket: close 1001 (going away)
ERROR: 2025/06/05 12:04:57 logger.go:23: Error reading message: websocket: close 1001 (going away)
ERROR: 2025/06/05 12:04:57 logger.go:23: Error sending online/offline users list: websocket: close sent
ERROR: 2025/06/05 12:04:57 logger.go:23: Error sending online/offline users list: websocket: close sent
ERROR: 2025/06/05 12:04:57 logger.go:23: Error sending online/offline users list: websocket: close sent
ERROR: 2025/06/05 12:05:02 logger.go:23: Failed to fetch messages: pq: relation "messages" does not exist
ERROR: 2025/06/05 12:05:02 logger.go:23: Failed to get receiver ID: empty username provided
ERROR: 2025/06/05 12:05:02 logger.go:23: Error reading message: websocket: close 1001 (going away)
ERROR: 2025/06/05 12:05:06 logger.go:23: Failed to fetch messages: pq: relation "messages" does not exist
ERROR: 2025/06/05 12:06:28 logger.go:23: Failed to get receiver ID: empty username provided
ERROR: 2025/06/05 12:06:28 logger.go:23: Failed to fetch messages: pq: relation "messages" does not exist
ERROR: 2025/06/05 12:06:52 logger.go:23: Failed to fetch messages: pq: relation "messages" does not exist
ERROR: 2025/06/05 12:06:52 logger.go:23: Failed to get receiver ID: empty username provided
ERROR: 2025/06/05 12:08:48 logger.go:23: Failed to fetch messages: pq: relation "messages" does not exist
ERROR: 2025/06/05 12:09:40 logger.go:23: Failed to get receiver ID: empty username provided
ERROR: 2025/06/05 12:10:06 logger.go:23: Failed to get receiver ID: empty username provided
ERROR: 2025/06/05 12:10:07 logger.go:23: Error reading message: websocket: close 1001 (going away)
ERROR: 2025/06/05 12:10:44 logger.go:23: Failed to get receiver ID: empty username provided
ERROR: 2025/06/05 12:11:33 logger.go:23: Failed to get receiver ID: empty username provided
ERROR: 2025/06/05 12:11:35 logger.go:23: Error reading message: websocket: close 1001 (going away)
ERROR: 2025/06/05 12:12:03 logger.go:23: Failed to get receiver ID: empty username provided
ERROR: 2025/06/05 12:13:26 logger.go:23: Failed to get receiver ID: empty username provided
ERROR: 2025/06/05 12:13:43 logger.go:23: Error reading message: websocket: close 1001 (going away)
ERROR: 2025/06/05 12:15:00 logger.go:23: Failed to get receiver ID: empty username provided
ERROR: 2025/06/05 12:15:04 logger.go:23: Error reading message: websocket: close 1001 (going away)
ERROR: 2025/06/05 12:15:16 logger.go:23: Failed to get receiver ID: empty username provided
ERROR: 2025/06/05 12:16:02 logger.go:23: Failed to get receiver ID: empty username provided
ERROR: 2025/06/05 12:16:44 logger.go:23: Failed to get receiver ID: empty username provided
ERROR: 2025/06/05 12:30:46 logger.go:23: Error sending online/offline users list: websocket: close sent
ERROR: 2025/06/05 12:30:46 logger.go:23: Error sending online/offline users list: websocket: close sent
ERROR: 2025/06/05 12:30:46 logger.go:23: Error sending online/offline users list: websocket: close sent
ERROR: 2025/06/05 12:30:46 logger.go:23: Error sending online/offline users list: websocket: close sent
ERROR: 2025/06/05 12:30:46 logger.go:23: Error sending online/offline users list: websocket: close sent
ERROR: 2025/06/05 12:30:46 logger.go:23: Error sending online/offline users list: websocket: close sent
ERROR: 2025/06/05 12:30:46 logger.go:23: Error sending online/offline users list: websocket: close sent
ERROR: 2025/06/05 12:30:46 logger.go:23: Error sending online/offline users list: websocket: close sent
ERROR: 2025/06/05 12:30:46 logger.go:23: Error sending online/offline users list: websocket: close sent
